This is pdfTeX, Version 3.14159265-2.6-1.40.15 (TeX Live 2014) (preloaded format=pdflatex 2015.6.1)  28 SEP 2015 12:13
entering extended mode
 restricted \write18 enabled.
 file:line:error style messages enabled.
 %&-line parsing enabled.
**Duncan15.tex
(./Duncan15.tex
LaTeX2e <2014/05/01>
Babel <3.9k> and hyphenation patterns for 78 languages loaded.
(./mn2e.cls
Document Class: mn2e 2001/02/06 v2.2 LaTeX2e MN document class
Document Style `MN' v2.2, released 2001 February 20
\math@groups=\toks14
LaTeX Font Info:    Overwriting symbol font `symbols' in version `bold'
(Font)                  OMS/cmsy/b/n --> OMS/cmsy/b/n on input line 223.
\symbmisymbols=\mathgroup4
\symUPM=\mathgroup5
LaTeX Font Info:    Overwriting symbol font `UPM' in version `bold'
(Font)                  U/eur/m/n --> U/eur/b/n on input line 260.
\symAMSa=\mathgroup6
\SFB@measure=\dimen102
\realparindent=\skip41
\c@part=\count79
\c@section=\count80
\c@subsection=\count81
\c@subsubsection=\count82
\c@paragraph=\count83
\c@subparagraph=\count84
\@indentskip=\skip42
\smallindent=\skip43
\@footindent=\skip44
\@leftskip=\skip45
\c@dummy=\count85
(/usr/local/texlive/2014/texmf-dist/tex/latex/natbib/natbib.sty
Package: natbib 2010/09/13 8.31b (PWD, AO)
\bibhang=\skip46
\bibsep=\skip47
LaTeX Info: Redefining \cite on input line 694.
\c@NAT@ctr=\count86
)
\c@table=\count87
\c@figure=\count88
\mathindent=\dimen103
)
(/usr/local/texlive/2014/texmf-dist/tex/latex/graphics/graphicx.sty
Package: graphicx 2014/04/25 v1.0g Enhanced LaTeX Graphics (DPC,SPQR)

(/usr/local/texlive/2014/texmf-dist/tex/latex/graphics/keyval.sty
Package: keyval 2014/05/08 v1.15 key=value parser (DPC)
\KV@toks@=\toks15
)
(/usr/local/texlive/2014/texmf-dist/tex/latex/graphics/graphics.sty
Package: graphics 2009/02/05 v1.0o Standard LaTeX Graphics (DPC,SPQR)

(/usr/local/texlive/2014/texmf-dist/tex/latex/graphics/trig.sty
Package: trig 1999/03/16 v1.09 sin cos tan (DPC)
)
(/usr/local/texlive/2014/texmf-dist/tex/latex/latexconfig/graphics.cfg
File: graphics.cfg 2010/04/23 v1.9 graphics configuration of TeX Live
)
Package graphics Info: Driver file: pdftex.def on input line 91.

(/usr/local/texlive/2014/texmf-dist/tex/latex/pdftex-def/pdftex.def
File: pdftex.def 2011/05/27 v0.06d Graphics/color for pdfTeX

(/usr/local/texlive/2014/texmf-dist/tex/generic/oberdiek/infwarerr.sty
Package: infwarerr 2010/04/08 v1.3 Providing info/warning/error messages (HO)
)
(/usr/local/texlive/2014/texmf-dist/tex/generic/oberdiek/ltxcmds.sty
Package: ltxcmds 2011/11/09 v1.22 LaTeX kernel commands for general use (HO)
)
\Gread@gobject=\count89
))
\Gin@req@height=\dimen104
\Gin@req@width=\dimen105
)
(/usr/local/texlive/2014/texmf-dist/tex/latex/float/float.sty
Package: float 2001/11/08 v1.3d Float enhancements (AL)
\c@float@type=\count90
\float@exts=\toks16
\float@box=\box26
\@float@everytoks=\toks17
\@floatcapt=\box27
)
(/usr/local/texlive/2014/texmf-dist/tex/latex/amsmath/amsmath.sty
Package: amsmath 2013/01/14 v2.14 AMS math features
\@mathmargin=\skip48

For additional information on amsmath, use the `?' option.
(/usr/local/texlive/2014/texmf-dist/tex/latex/amsmath/amstext.sty
Package: amstext 2000/06/29 v2.01

(/usr/local/texlive/2014/texmf-dist/tex/latex/amsmath/amsgen.sty
File: amsgen.sty 1999/11/30 v2.0
\@emptytoks=\toks18
\ex@=\dimen106
))
(/usr/local/texlive/2014/texmf-dist/tex/latex/amsmath/amsbsy.sty
Package: amsbsy 1999/11/29 v1.2d
\pmbraise@=\dimen107
)
(/usr/local/texlive/2014/texmf-dist/tex/latex/amsmath/amsopn.sty
Package: amsopn 1999/12/14 v2.01 operator names
)
\inf@bad=\count91
LaTeX Info: Redefining \frac on input line 210.
\uproot@=\count92
\leftroot@=\count93
LaTeX Info: Redefining \overline on input line 306.
\classnum@=\count94
\DOTSCASE@=\count95
LaTeX Info: Redefining \ldots on input line 378.
LaTeX Info: Redefining \dots on input line 381.
LaTeX Info: Redefining \cdots on input line 466.
\Mathstrutbox@=\box28
\strutbox@=\box29
\big@size=\dimen108
LaTeX Font Info:    Redeclaring font encoding OML on input line 566.
LaTeX Font Info:    Redeclaring font encoding OMS on input line 567.
\macc@depth=\count96
\c@MaxMatrixCols=\count97
\dotsspace@=\muskip10
\c@parentequation=\count98
\dspbrk@lvl=\count99
\tag@help=\toks19
\row@=\count100
\column@=\count101
\maxfields@=\count102
\andhelp@=\toks20
\eqnshift@=\dimen109
\alignsep@=\dimen110
\tagshift@=\dimen111
\tagwidth@=\dimen112
\totwidth@=\dimen113
\lineht@=\dimen114
\@envbody=\toks21
\multlinegap=\skip49
\multlinetaggap=\skip50
\mathdisplay@stack=\toks22
LaTeX Info: Redefining \[ on input line 2665.
LaTeX Info: Redefining \] on input line 2666.
)
(/usr/local/texlive/2014/texmf-dist/tex/latex/graphics/epsfig.sty
Package: epsfig 1999/02/16 v1.7a (e)psfig emulation (SPQR)
\epsfxsize=\dimen115
\epsfysize=\dimen116
)
(/usr/local/texlive/2014/texmf-dist/tex/latex/psnfss/times.sty
Package: times 2005/04/12 PSNFSS-v9.2a (SPQR) 
)
(/usr/local/texlive/2014/texmf-dist/tex/latex/amsfonts/amssymb.sty
Package: amssymb 2013/01/14 v3.01 AMS font symbols

(/usr/local/texlive/2014/texmf-dist/tex/latex/amsfonts/amsfonts.sty
Package: amsfonts 2013/01/14 v3.01 Basic AMSFonts support
LaTeX Font Info:    Redeclaring symbol font `AMSa' on input line 59.
LaTeX Font Info:    Overwriting symbol font `AMSa' in version `normal'
(Font)                  U/msa/m/n --> U/msa/m/n on input line 59.
LaTeX Font Info:    Overwriting symbol font `AMSa' in version `bold'
(Font)                  U/msa/m/n --> U/msa/m/n on input line 59.
\symAMSb=\mathgroup7
LaTeX Font Info:    Overwriting math alphabet `\mathfrak' in version `bold'
(Font)                  U/euf/m/n --> U/euf/b/n on input line 106.
)
LaTeX Font Info:    Redeclaring math symbol \leqslant on input line 101.
LaTeX Font Info:    Redeclaring math symbol \geqslant on input line 108.
)
(/usr/local/texlive/2014/texmf-dist/tex/latex/graphics/color.sty
Package: color 2014/04/23 v1.1a Standard LaTeX Color (DPC)

(/usr/local/texlive/2014/texmf-dist/tex/latex/latexconfig/color.cfg
File: color.cfg 2007/01/18 v1.5 color configuration of teTeX/TeXLive
)
Package color Info: Driver file: pdftex.def on input line 137.
)
(/usr/local/texlive/2014/texmf-dist/tex/latex/tools/verbatim.sty
Package: verbatim 2003/08/22 v1.5q LaTeX2e package for verbatim enhancements
\every@verbatim=\toks23
\verbatim@line=\toks24
\verbatim@in@stream=\read1
)
(./widetext.sty
Package: widetext 

(/usr/local/texlive/2014/texmf-dist/tex/latex/sttools/flushend.sty
Package: flushend 2014/04/24 v2.2 Balancing columns in twocolumn mode
\flushend@@lastskip@a=\skip51
\flushend@@lastskip@b=\skip52
\flushend@@lastskip@c=\skip53
\flushend@@penalty@a=\count103
\flushend@@lastkern@a=\dimen117
\var@@temp@spread=\dimen118
\var@@temp@a=\dimen119
\flushend@@page@rule=\dimen120
\flushend@@varbox@a=\box30
\flushend@@varbox@c=\box31
\flushend@@tempbox@a=\box32
\flushend@@tempbox@c=\box33
\@viper=\box34
\hold@viper=\box35
\atColsBreak=\toks25
\atColsEnd=\toks26

(/usr/local/texlive/2014/texmf-dist/tex/latex/etoolbox/etoolbox.sty
Package: etoolbox 2011/01/03 v2.1 e-TeX tools for LaTeX

(/usr/local/texlive/2014/texmf-dist/tex/latex/etex-pkg/etex.sty
Package: etex 1998/03/26 v2.0 eTeX basic definition package (PEB)
\et@xins=\count104
)
\etb@tempcnta=\count105
))
(/usr/local/texlive/2014/texmf-dist/tex/latex/sttools/cuted.sty
Package: cuted 2012/10/04 v1.5 Mixing onecolumn and twocolumn modes
\At@ViperColsBreak=\toks27
\v@aaa=\box36
\v@ccc=\box37
\lastskip@a=\skip54
\lastskip@b=\skip55
\lastskip@d=\skip56
\lastbox@a=\box38
\stripsep=\skip57
\viper@penalty=\count106
\ht@viper=\dimen121
)
\@parindent=\skip58
)

LaTeX Warning: Unused global option(s):
    [times,letter,amssymb].

(./Duncan15.aux)
\openout1 = `Duncan15.aux'.

LaTeX Font Info:    Checking defaults for OML/cmm/m/it on input line 62.
LaTeX Font Info:    ... okay on input line 62.
LaTeX Font Info:    Checking defaults for T1/cmr/m/n on input line 62.
LaTeX Font Info:    ... okay on input line 62.
LaTeX Font Info:    Checking defaults for OT1/cmr/m/n on input line 62.
LaTeX Font Info:    ... okay on input line 62.
LaTeX Font Info:    Checking defaults for OMS/cmsy/m/n on input line 62.
LaTeX Font Info:    ... okay on input line 62.
LaTeX Font Info:    Checking defaults for OMX/cmex/m/n on input line 62.
LaTeX Font Info:    ... okay on input line 62.
LaTeX Font Info:    Checking defaults for U/cmr/m/n on input line 62.
LaTeX Font Info:    ... okay on input line 62.
LaTeX Font Info:    Try loading font information for OT1+ptm on input line 62.
 (/usr/local/texlive/2014/texmf-dist/tex/latex/psnfss/ot1ptm.fd
File: ot1ptm.fd 2001/06/04 font definitions for OT1/ptm.
) (/usr/local/texlive/2014/texmf-dist/tex/context/base/supp-pdf.mkii
[Loading MPS to PDF converter (version 2006.09.02).]
\scratchcounter=\count107
\scratchdimen=\dimen122
\scratchbox=\box39
\nofMPsegments=\count108
\nofMParguments=\count109
\everyMPshowfont=\toks28
\MPscratchCnt=\count110
\MPscratchDim=\dimen123
\MPnumerator=\count111
\makeMPintoPDFobject=\count112
\everyMPtoPDFconversion=\toks29
) (/usr/local/texlive/2014/texmf-dist/tex/generic/oberdiek/pdftexcmds.sty
Package: pdftexcmds 2011/11/29 v0.20 Utility functions of pdfTeX for LuaTeX (HO
)

(/usr/local/texlive/2014/texmf-dist/tex/generic/oberdiek/ifluatex.sty
Package: ifluatex 2010/03/01 v1.3 Provides the ifluatex switch (HO)
Package ifluatex Info: LuaTeX not detected.
)
(/usr/local/texlive/2014/texmf-dist/tex/generic/oberdiek/ifpdf.sty
Package: ifpdf 2011/01/30 v2.3 Provides the ifpdf switch (HO)
Package ifpdf Info: pdfTeX in PDF mode is detected.
)
Package pdftexcmds Info: LuaTeX not detected.
Package pdftexcmds Info: \pdf@primitive is available.
Package pdftexcmds Info: \pdf@ifprimitive is available.
Package pdftexcmds Info: \pdfdraftmode found.
)
(/usr/local/texlive/2014/texmf-dist/tex/latex/oberdiek/epstopdf-base.sty
Package: epstopdf-base 2010/02/09 v2.5 Base part for package epstopdf

(/usr/local/texlive/2014/texmf-dist/tex/latex/oberdiek/grfext.sty
Package: grfext 2010/08/19 v1.1 Manage graphics extensions (HO)

(/usr/local/texlive/2014/texmf-dist/tex/generic/oberdiek/kvdefinekeys.sty
Package: kvdefinekeys 2011/04/07 v1.3 Define keys (HO)
))
(/usr/local/texlive/2014/texmf-dist/tex/latex/oberdiek/kvoptions.sty
Package: kvoptions 2011/06/30 v3.11 Key value format for package options (HO)

(/usr/local/texlive/2014/texmf-dist/tex/generic/oberdiek/kvsetkeys.sty
Package: kvsetkeys 2012/04/25 v1.16 Key value parser (HO)

(/usr/local/texlive/2014/texmf-dist/tex/generic/oberdiek/etexcmds.sty
Package: etexcmds 2011/02/16 v1.5 Avoid name clashes with e-TeX commands (HO)
Package etexcmds Info: Could not find \expanded.
(etexcmds)             That can mean that you are not using pdfTeX 1.50 or
(etexcmds)             that some package has redefined \expanded.
(etexcmds)             In the latter case, load this package earlier.
)))
Package grfext Info: Graphics extension search list:
(grfext)             [.png,.pdf,.jpg,.mps,.jpeg,.jbig2,.jb2,.PNG,.PDF,.JPG,.JPE
G,.JBIG2,.JB2,.eps]
(grfext)             \AppendGraphicsExtensions on input line 452.

(/usr/local/texlive/2014/texmf-dist/tex/latex/latexconfig/epstopdf-sys.cfg
File: epstopdf-sys.cfg 2010/07/13 v1.3 Configuration of (r)epstopdf for TeX Liv
e
))
LaTeX Font Info:    Font shape `OT1/ptm/bx/n' in size <17.28> not available
(Font)              Font shape `OT1/ptm/b/n' tried instead on input line 68.
LaTeX Font Info:    Try loading font information for U+eur on input line 68.

(/usr/local/texlive/2014/texmf-dist/tex/latex/amsfonts/ueur.fd
File: ueur.fd 2013/01/14 v3.01 Euler Roman
)
LaTeX Font Info:    Try loading font information for U+msa on input line 68.

(/usr/local/texlive/2014/texmf-dist/tex/latex/amsfonts/umsa.fd
File: umsa.fd 2013/01/14 v3.01 AMS symbols A
)
LaTeX Font Info:    Try loading font information for U+msb on input line 68.

(/usr/local/texlive/2014/texmf-dist/tex/latex/amsfonts/umsb.fd
File: umsb.fd 2013/01/14 v3.01 AMS symbols B
)
LaTeX Font Info:    Font shape `OT1/ptm/bx/n' in size <9> not available
(Font)              Font shape `OT1/ptm/b/n' tried instead on input line 72.
LaTeX Font Info:    Font shape `OT1/ptm/bx/n' in size <10> not available
(Font)              Font shape `OT1/ptm/b/n' tried instead on input line 76.

Underfull \vbox (badness 10000) has occurred while \output is active []

LaTeX Font Info:    Font shape `OT1/ptm/bx/n' in size <8> not available
(Font)              Font shape `OT1/ptm/b/n' tried instead on input line 92.
LaTeX Font Info:    Try loading font information for OMS+ptm on input line 92.

(/usr/local/texlive/2014/texmf-dist/tex/latex/psnfss/omsptm.fd
File: omsptm.fd 
)
LaTeX Font Info:    Font shape `OMS/ptm/m/n' in size <8> not available
(Font)              Font shape `OMS/cmsy/m/n' tried instead on input line 92.
 [1{/usr/local/texlive/2014/texmf-var/fonts/map/pdftex/updmap/pdftex.map}


]
Underfull \vbox (badness 10000) has occurred while \output is active []

 [2]
<Figures/Size_Magnitude_Lensing_Diagram.pdf, id=23, 876.27374pt x 442.65375pt>
File: Figures/Size_Magnitude_Lensing_Diagram.pdf Graphic file (type pdf)

<use Figures/Size_Magnitude_Lensing_Diagram.pdf>
Package pdftex.def Info: Figures/Size_Magnitude_Lensing_Diagram.pdf used on inp
ut line 131.
(pdftex.def)             Requested size: 403.20154pt x 203.68398pt.

Underfull \hbox (badness 1668) in paragraph at lines 147--148
[]\OT1/ptm/m/n/9 The like-li-hood can be re-lated to in-trin-sic quan-ti-ties b
y
 []

[3]
Overfull \hbox (2.24074pt too wide) in alignment at lines 159--162
[] [] [] [] 
 []

[4 <./Figures/Size_Magnitude_Lensing_Diagram.pdf>]
Extra height:0.0pt when 0.0pt
(2)Left:0.0pt Right:0.0pt Output:0.0pt
- LAST -
Left:0.0pt
Right:0.0pt
Output:0.0pt

Overfull \hbox (23.85828pt too wide) in paragraph at lines 203--203
[] 
 []


Overfull \hbox (8.57204pt too wide) in alignment at lines 225--228
[] [] [] [] 
 []

[5]
Overfull \hbox (28.26556pt too wide) in alignment at lines 247--250
[] [] [] [] 
 []

[6]
<Figures/Data/Distributions/STAGES_Size-Mag_Distribution_withRRGMagComp.pdf, id
=86, 881.69403pt x 804.90715pt>
File: Figures/Data/Distributions/STAGES_Size-Mag_Distribution_withRRGMagComp.pd
f Graphic file (type pdf)

<use Figures/Data/Distributions/STAGES_Size-Mag_Distribution_withRRGMagComp.pdf
>
Package pdftex.def Info: Figures/Data/Distributions/STAGES_Size-Mag_Distributio
n_withRRGMagComp.pdf used on input line 304.
(pdftex.def)             Requested size: 453.59692pt x 414.08353pt.

Underfull \vbox (badness 6380) has occurred while \output is active []

 [7]
Underfull \vbox (badness 10000) has occurred while \output is active []


Underfull \vbox (badness 10000) has occurred while \output is active []

 [8 <./Figures/Data/Distributions/STAGES_Size-Mag_Distribution_withRRGMagComp.p
df>]
<Figures/Data/magDiff_InRadialBins_CH_A901ab_A902_SW_withCC.pdf, id=141, 1071.4
0277pt x 972.03152pt>
File: Figures/Data/magDiff_InRadialBins_CH_A901ab_A902_SW_withCC.pdf Graphic fi
le (type pdf)

<use Figures/Data/magDiff_InRadialBins_CH_A901ab_A902_SW_withCC.pdf>
Package pdftex.def Info: Figures/Data/magDiff_InRadialBins_CH_A901ab_A902_SW_wi
thCC.pdf used on input line 327.
(pdftex.def)             Requested size: 453.59692pt x 411.52834pt.
 [9]
Underfull \vbox (badness 10000) has occurred while \output is active []


Underfull \vbox (badness 10000) has occurred while \output is active []

 [10 <./Figures/Data/magDiff_InRadialBins_CH_A901ab_A902_SW_withCC.pdf>]
<Figures/Mock_Application/Experiment_Comparison_wStN_10Run.pdf, id=213, 505.938
03pt x 399.39417pt>
File: Figures/Mock_Application/Experiment_Comparison_wStN_10Run.pdf Graphic fil
e (type pdf)

<use Figures/Mock_Application/Experiment_Comparison_wStN_10Run.pdf>
Package pdftex.def Info: Figures/Mock_Application/Experiment_Comparison_wStN_10
Run.pdf used on input line 387.
(pdftex.def)             Requested size: 252.0pt x 198.9348pt.

Overfull \hbox (12.0pt too wide) in paragraph at lines 387--388
 [][] 
 []


Overfull \hbox (19.0219pt too wide) in paragraph at lines 394--410
 [] 
 []

[11]
<Figures/Mock_Application/SizeMag_Unbiased.pdf, id=217, 510.62173pt x 403.12325
pt>
File: Figures/Mock_Application/SizeMag_Unbiased.pdf Graphic file (type pdf)
 <use Figures/Mock_Application/SizeMag_Unbiased.pdf>
Package pdftex.def Info: Figures/Mock_Application/SizeMag_Unbiased.pdf used on 
input line 421.
(pdftex.def)             Requested size: 226.79846pt x 179.05403pt.
 [12 <./Figures/Mock_Application/Experiment_Comparison_wStN_10Run.pdf> <./Figur
es/Mock_Application/SizeMag_Unbiased.pdf

pdfTeX warning: /usr/texbin/pdflatex (file ./Figures/Mock_Application/SizeMag_U
nbiased.pdf): PDF inclusion: multiple pdfs with page group included in a single
 page
>]
<Figures/Mock_Application/ClusterContamination_SizeMag_Bias_MagCutOnly.pdf, id=
354, 587.19376pt x 442.65375pt>
File: Figures/Mock_Application/ClusterContamination_SizeMag_Bias_MagCutOnly.pdf
 Graphic file (type pdf)

<use Figures/Mock_Application/ClusterContamination_SizeMag_Bias_MagCutOnly.pdf>
Package pdftex.def Info: Figures/Mock_Application/ClusterContamination_SizeMag_
Bias_MagCutOnly.pdf used on input line 444.
(pdftex.def)             Requested size: 226.79846pt x 170.96593pt.

<Figures/Mock_Application/ClusterContamination_SizeMag_Signal-To-Noise_MagCutOn
ly.pdf, id=355, 587.19376pt x 442.65375pt>
File: Figures/Mock_Application/ClusterContamination_SizeMag_Signal-To-Noise_Mag
CutOnly.pdf Graphic file (type pdf)

<use Figures/Mock_Application/ClusterContamination_SizeMag_Signal-To-Noise_MagC
utOnly.pdf>
Package pdftex.def Info: Figures/Mock_Application/ClusterContamination_SizeMag_
Signal-To-Noise_MagCutOnly.pdf used on input line 445.
(pdftex.def)             Requested size: 241.91785pt x 182.36726pt.

Overfull \hbox (1.91785pt too wide) in paragraph at lines 443--447
 [][] 
 []

[13 <./Figures/Mock_Application/ClusterContamination_SizeMag_Bias_MagCutOnly.pd
f> <./Figures/Mock_Application/ClusterContamination_SizeMag_Signal-To-Noise_Mag
CutOnly.pdf

pdfTeX warning: /usr/texbin/pdflatex (file ./Figures/Mock_Application/ClusterCo
ntamination_SizeMag_Signal-To-Noise_MagCutOnly.pdf): PDF inclusion: multiple pd
fs with page group included in a single page
>]
<Figures/Mock_Application/NoiseBias_Size_Mag_Both.pdf, id=457, 587.19376pt x 44
2.65375pt>
File: Figures/Mock_Application/NoiseBias_Size_Mag_Both.pdf Graphic file (type p
df)
 <use Figures/Mock_Application/NoiseBias_Size_Mag_Both.pdf>
Package pdftex.def Info: Figures/Mock_Application/NoiseBias_Size_Mag_Both.pdf u
sed on input line 466.
(pdftex.def)             Requested size: 252.0pt x 189.9659pt.

Overfull \hbox (12.0pt too wide) in paragraph at lines 466--467
 [][] 
 []


<Figures/Data/Mass_Reconstruction/MCMC_DistributionPlot_4Cluster_BCG_MassOnly.p
df, id=458, 790.1106pt x 775.44295pt>
File: Figures/Data/Mass_Reconstruction/MCMC_DistributionPlot_4Cluster_BCG_MassO
nly.pdf Graphic file (type pdf)

<use Figures/Data/Mass_Reconstruction/MCMC_DistributionPlot_4Cluster_BCG_MassOn
ly.pdf>
Package pdftex.def Info: Figures/Data/Mass_Reconstruction/MCMC_DistributionPlot
_4Cluster_BCG_MassOnly.pdf used on input line 482.
(pdftex.def)             Requested size: 478.79846pt x 469.90762pt.

./Duncan15.tex:483: Illegal parameter number in definition of \reserved@a.
<to be read again> 
                   1
l.483 ...marginalised distributions respectively.}
                                                   \label{fig:MassRecon_BCG_...

? s
OK, entering \scrollmode...
./Duncan15.tex:483: Illegal parameter number in definition of \reserved@a.
<to be read again> 
                   1
l.483 ...marginalised distributions respectively.}
                                                   \label{fig:MassRecon_BCG_...
You meant to type ## instead of #, right?
Or maybe a } was forgotten somewhere earlier, and things
are all screwed up? I'm going to assume that you meant ##.


<Figures/Data/Mass_Reconstruction/MCMC_DistributionPlot_7Cluster_BCG_MassOnly.p
df, id=459, 1345.45813pt x 1310.07129pt>
File: Figures/Data/Mass_Reconstruction/MCMC_DistributionPlot_7Cluster_BCG_MassO
nly.pdf Graphic file (type pdf)

<use Figures/Data/Mass_Reconstruction/MCMC_DistributionPlot_7Cluster_BCG_MassOn
ly.pdf>
Package pdftex.def Info: Figures/Data/Mass_Reconstruction/MCMC_DistributionPlot
_7Cluster_BCG_MassOnly.pdf used on input line 488.
(pdftex.def)             Requested size: 478.79846pt x 466.20801pt.

./Duncan15.tex:489: Illegal parameter number in definition of \reserved@a.
<to be read again> 
                   1
l.489 ...marginalised distributions respectively.}
                                                   \label{fig:MassRecon_BCG_...
You meant to type ## instead of #, right?
Or maybe a } was forgotten somewhere earlier, and things
are all screwed up? I'm going to assume that you meant ##.

./Duncan15.tex:489: Illegal parameter number in definition of \reserved@a.
<to be read again> 
                   1
l.489 ...marginalised distributions respectively.}
                                                   \label{fig:MassRecon_BCG_...
You meant to type ## instead of #, right?
Or maybe a } was forgotten somewhere earlier, and things
are all screwed up? I'm going to assume that you meant ##.


Underfull \hbox (badness 1087) in paragraph at lines 492--493
\OT1/ptm/m/n/9 A901b, A902 and SWb re-spec-tively. CB1 and SWb show a
 []

[14 <./Figures/Mock_Application/NoiseBias_Size_Mag_Both.pdf>]
./Duncan15.tex:521: Illegal parameter number in definition of \reserved@a.
<to be read again> 
                   1
l.521 ...ass, a flat prior on each is considered.}
                                                  
You meant to type ## instead of #, right?
Or maybe a } was forgotten somewhere earlier, and things
are all screwed up? I'm going to assume that you meant ##.

./Duncan15.tex:521: Illegal parameter number in definition of \reserved@a.
<to be read again> 
                   1
l.521 ...ass, a flat prior on each is considered.}
                                                  
You meant to type ## instead of #, right?
Or maybe a } was forgotten somewhere earlier, and things
are all screwed up? I'm going to assume that you meant ##.

./Duncan15.tex:521: Illegal parameter number in definition of \reserved@a.
<to be read again> 
                   1
l.521 ...ass, a flat prior on each is considered.}
                                                  
You meant to type ## instead of #, right?
Or maybe a } was forgotten somewhere earlier, and things
are all screwed up? I'm going to assume that you meant ##.

./Duncan15.tex:521: Illegal parameter number in definition of \reserved@a.
<to be read again> 
                   1
l.521 ...ass, a flat prior on each is considered.}
                                                  
You meant to type ## instead of #, right?
Or maybe a } was forgotten somewhere earlier, and things
are all screwed up? I'm going to assume that you meant ##.


Underfull \hbox (badness 1348) in paragraph at lines 529--530
[]\OT1/ptm/m/n/9 Figure 8[] shows the com-par-i-son be-tween the maximum-
 []


Underfull \vbox (badness 10000) has occurred while \output is active []


Underfull \vbox (badness 10000) has occurred while \output is active []

 [15 <./Figures/Data/Mass_Reconstruction/MCMC_DistributionPlot_4Cluster_BCG_Mas
sOnly.pdf>]
<Figures/Data/Mass_Reconstruction/Shear_Mag_Comparison_4Cluster.pdf, id=570, 59
5.3241pt x 528.47438pt>
File: Figures/Data/Mass_Reconstruction/Shear_Mag_Comparison_4Cluster.pdf Graphi
c file (type pdf)

<use Figures/Data/Mass_Reconstruction/Shear_Mag_Comparison_4Cluster.pdf>
Package pdftex.def Info: Figures/Data/Mass_Reconstruction/Shear_Mag_Comparison_
4Cluster.pdf used on input line 535.
(pdftex.def)             Requested size: 241.91785pt x 214.74863pt.

Overfull \hbox (1.91785pt too wide) in paragraph at lines 535--536
 [][] 
 []

./Duncan15.tex:536: Illegal parameter number in definition of \reserved@a.
<to be read again> 
                   1
l.536 ...is to the shear result for each cluster.}
                                                   \label{fig:Shear_Mag_Comp...
You meant to type ## instead of #, right?
Or maybe a } was forgotten somewhere earlier, and things
are all screwed up? I'm going to assume that you meant ##.

./Duncan15.tex:536: Illegal parameter number in definition of \reserved@a.
<to be read again> 
                   1
l.536 ...is to the shear result for each cluster.}
                                                   \label{fig:Shear_Mag_Comp...
You meant to type ## instead of #, right?
Or maybe a } was forgotten somewhere earlier, and things
are all screwed up? I'm going to assume that you meant ##.


<Figures/Data/Mass_Reconstruction/Shear_Mag_Comparison_7Cluster.pdf, id=571, 61
3.3916pt x 546.54187pt>
File: Figures/Data/Mass_Reconstruction/Shear_Mag_Comparison_7Cluster.pdf Graphi
c file (type pdf)

<use Figures/Data/Mass_Reconstruction/Shear_Mag_Comparison_7Cluster.pdf>
Package pdftex.def Info: Figures/Data/Mass_Reconstruction/Shear_Mag_Comparison_
7Cluster.pdf used on input line 541.
(pdftex.def)             Requested size: 241.91785pt x 215.55226pt.

Overfull \hbox (1.91785pt too wide) in paragraph at lines 541--542
 [][] 
 []


Underfull \vbox (badness 10000) has occurred while \output is active []


Underfull \vbox (badness 10000) has occurred while \output is active []

 [16 <./Figures/Data/Mass_Reconstruction/MCMC_DistributionPlot_7Cluster_BCG_Mas
sOnly.pdf>]
Underfull \vbox (badness 1466) has occurred while \output is active []

 [17]
[18 <./Figures/Data/Mass_Reconstruction/Shear_Mag_Comparison_4Cluster.pdf> <./F
igures/Data/Mass_Reconstruction/Shear_Mag_Comparison_7Cluster.pdf

pdfTeX warning: /usr/texbin/pdflatex (file ./Figures/Data/Mass_Reconstruction/S
hear_Mag_Comparison_7Cluster.pdf): PDF inclusion: multiple pdfs with page group
 included in a single page
>] (./Duncan15.bbl
./Duncan15.bbl:214: Undefined control sequence.
l.214   {Bard} D.~J., {Lang} D., 2015, \apj
                                           , 807, 87
The control sequence at the end of the top line
of your error message was never \def'ed. If you have
misspelled it (e.g., `\hobx'), type `I' and the correct
spelling (e.g., `I\hbox'). Otherwise just continue,
and I'll forget about whatever was undefined.

[19]
./Duncan15.bbl:252: Undefined control sequence.
l.252 {van Waerbeke} L., 2010, \mnras
                                     , 401, 2093
The control sequence at the end of the top line
of your error message was never \def'ed. If you have
misspelled it (e.g., `\hobx'), type `I' and the correct
spelling (e.g., `I\hbox'). Otherwise just continue,
and I'll forget about whatever was undefined.

)
Underfull \vbox (badness 10000) has occurred while \output is active []

 [20]
<Figures/Calibration_Plots/17April2015/Size_Distributions/Calibrations/WCalib/W
Calib_TrJJ_MarginalisedEllipticity.pdf, id=762, 587.19376pt x 442.65375pt>
File: Figures/Calibration_Plots/17April2015/Size_Distributions/Calibrations/WCa
lib/WCalib_TrJJ_MarginalisedEllipticity.pdf Graphic file (type pdf)

<use Figures/Calibration_Plots/17April2015/Size_Distributions/Calibrations/WCal
ib/WCalib_TrJJ_MarginalisedEllipticity.pdf>
Package pdftex.def Info: Figures/Calibration_Plots/17April2015/Size_Distributio
ns/Calibrations/WCalib/WCalib_TrJJ_MarginalisedEllipticity.pdf used on input li
ne 612.
(pdftex.def)             Requested size: 252.0pt x 189.9659pt.

Overfull \hbox (12.0pt too wide) in paragraph at lines 612--613
 [][] 
 []


<Figures/Calibration_Plots/17April2015/Size_Distributions/Calibrations/SSNR/SSN
R_Calibration_ImSim_TrJ_wSB.pdf, id=763, 825.68472pt x 949.44714pt>
File: Figures/Calibration_Plots/17April2015/Size_Distributions/Calibrations/SSN
R/SSNR_Calibration_ImSim_TrJ_wSB.pdf Graphic file (type pdf)

<use Figures/Calibration_Plots/17April2015/Size_Distributions/Calibrations/SSNR
/SSNR_Calibration_ImSim_TrJ_wSB.pdf>
Package pdftex.def Info: Figures/Calibration_Plots/17April2015/Size_Distributio
ns/Calibrations/SSNR/SSNR_Calibration_ImSim_TrJ_wSB.pdf used on input line 624.

(pdftex.def)             Requested size: 504.0pt x 579.55307pt.

Underfull \vbox (badness 10000) has occurred while \output is active []

- LAST -
Extra skip:1.07782pt
Left:670.07782pt/1.94843pt
Right:669.0pt/1.94843pt
Output:670.07782pt
 [21 <./Figures/Calibration_Plots/17April2015/Size_Distributions/Calibrations/W
Calib/WCalib_TrJJ_MarginalisedEllipticity.pdf>] [22 <./Figures/Calibration_Plot
s/17April2015/Size_Distributions/Calibrations/SSNR/SSNR_Calibration_ImSim_TrJ_w
SB.pdf>]
[23

] (./Duncan15.aux)

LaTeX Warning: Label(s) may have changed. Rerun to get cross-references right.

 ) 
Here is how much of TeX's memory you used:
 3979 strings out of 493117
 57834 string characters out of 6135434
 147540 words of memory out of 5000000
 7310 multiletter control sequences out of 15000+600000
 40772 words of font info for 98 fonts, out of 8000000 for 9000
 1141 hyphenation exceptions out of 8191
 38i,17n,34p,2594b,386s stack positions out of 5000i,500n,10000p,200000b,80000s
{/usr/local/texlive/2014/texmf-dist/fonts/enc/dvips/base/8r.enc}</usr/local/t
exlive/2014/texmf-dist/fonts/type1/public/amsfonts/cmextra/cmex8.pfb></usr/loca
l/texlive/2014/texmf-dist/fonts/type1/public/amsfonts/cmextra/cmex9.pfb></usr/l
ocal/texlive/2014/texmf-dist/fonts/type1/public/amsfonts/cm/cmmi10.pfb></usr/lo
cal/texlive/2014/texmf-dist/fonts/type1/public/amsfonts/cm/cmmi5.pfb></usr/loca
l/texlive/2014/texmf-dist/fonts/type1/public/amsfonts/cm/cmmi6.pfb></usr/local/
texlive/2014/texmf-dist/fonts/type1/public/amsfonts/cm/cmmi8.pfb></usr/local/te
xlive/2014/texmf-dist/fonts/type1/public/amsfonts/cm/cmmi9.pfb></usr/local/texl
ive/2014/texmf-dist/fonts/type1/public/amsfonts/cmextra/cmmib9.pfb></usr/local/
texlive/2014/texmf-dist/fonts/type1/public/amsfonts/cm/cmr10.pfb></usr/local/te
xlive/2014/texmf-dist/fonts/type1/public/amsfonts/cm/cmr5.pfb></usr/local/texli
ve/2014/texmf-dist/fonts/type1/public/amsfonts/cm/cmr6.pfb></usr/local/texlive/
2014/texmf-dist/fonts/type1/public/amsfonts/cm/cmr8.pfb></usr/local/texlive/201
4/texmf-dist/fonts/type1/public/amsfonts/cm/cmr9.pfb></usr/local/texlive/2014/t
exmf-dist/fonts/type1/public/amsfonts/cm/cmsy5.pfb></usr/local/texlive/2014/tex
mf-dist/fonts/type1/public/amsfonts/cm/cmsy6.pfb></usr/local/texlive/2014/texmf
-dist/fonts/type1/public/amsfonts/cm/cmsy8.pfb></usr/local/texlive/2014/texmf-d
ist/fonts/type1/public/amsfonts/cm/cmsy9.pfb></usr/local/texlive/2014/texmf-dis
t/fonts/type1/public/amsfonts/symbols/msam10.pfb></usr/local/texlive/2014/texmf
-dist/fonts/type1/urw/times/utmb8a.pfb></usr/local/texlive/2014/texmf-dist/font
s/type1/urw/times/utmr8a.pfb></usr/local/texlive/2014/texmf-dist/fonts/type1/ur
w/times/utmri8a.pfb>
Output written on Duncan15.pdf (23 pages, 2632917 bytes).
PDF statistics:
 948 PDF objects out of 1000 (max. 8388607)
 361 compressed objects within 4 object streams
 0 named destinations out of 1000 (max. 500000)
 71 words of extra memory for PDF output out of 10000 (max. 10000000)

